mode: set
jba.io/go/wiki/main.go:129.41,129.58 1 0
jba.io/go/wiki/main.go:130.41,130.68 1 0
jba.io/go/wiki/main.go:131.41,131.85 1 0
jba.io/go/wiki/main.go:135.44,135.61 1 0
jba.io/go/wiki/main.go:136.44,136.71 1 0
jba.io/go/wiki/main.go:137.44,137.82 1 0
jba.io/go/wiki/main.go:140.13,149.22 5 1
jba.io/go/wiki/main.go:152.2,154.16 3 1
jba.io/go/wiki/main.go:157.2,158.16 2 1
jba.io/go/wiki/main.go:162.2,164.33 2 1
jba.io/go/wiki/main.go:172.2,173.16 2 1
jba.io/go/wiki/main.go:149.22,151.3 1 1
jba.io/go/wiki/main.go:154.16,156.3 1 0
jba.io/go/wiki/main.go:158.16,160.3 1 0
jba.io/go/wiki/main.go:164.33,169.3 3 1
jba.io/go/wiki/main.go:173.16,175.3 1 0
jba.io/go/wiki/main.go:179.32,180.11 1 1
jba.io/go/wiki/main.go:180.11,183.3 2 0
jba.io/go/wiki/main.go:186.36,187.15 1 0
jba.io/go/wiki/main.go:190.2,191.28 2 0
jba.io/go/wiki/main.go:187.15,189.3 1 0
jba.io/go/wiki/main.go:194.32,195.34 1 0
jba.io/go/wiki/main.go:198.2,198.15 1 0
jba.io/go/wiki/main.go:195.34,197.3 1 0
jba.io/go/wiki/main.go:201.39,203.2 1 0
jba.io/go/wiki/main.go:205.46,208.2 2 0
jba.io/go/wiki/main.go:212.43,217.2 3 0
jba.io/go/wiki/main.go:220.22,226.2 1 0
jba.io/go/wiki/main.go:229.34,235.16 2 0
jba.io/go/wiki/main.go:238.2,238.12 1 0
jba.io/go/wiki/main.go:235.16,237.3 1 0
jba.io/go/wiki/main.go:243.25,247.16 3 0
jba.io/go/wiki/main.go:251.2,251.17 1 0
jba.io/go/wiki/main.go:255.2,255.12 1 0
jba.io/go/wiki/main.go:247.16,249.3 1 0
jba.io/go/wiki/main.go:251.17,253.3 1 0
jba.io/go/wiki/main.go:259.44,261.16 2 0
jba.io/go/wiki/main.go:264.2,264.12 1 0
jba.io/go/wiki/main.go:261.16,263.3 1 0
jba.io/go/wiki/main.go:268.45,270.16 2 0
jba.io/go/wiki/main.go:274.2,274.12 1 0
jba.io/go/wiki/main.go:270.16,272.3 1 0
jba.io/go/wiki/main.go:278.29,280.16 2 0
jba.io/go/wiki/main.go:284.2,284.12 1 0
jba.io/go/wiki/main.go:280.16,282.3 1 0
jba.io/go/wiki/main.go:288.32,290.16 2 0
jba.io/go/wiki/main.go:294.2,294.12 1 0
jba.io/go/wiki/main.go:290.16,292.3 1 0
jba.io/go/wiki/main.go:299.50,302.16 2 0
jba.io/go/wiki/main.go:305.5,307.19 3 0
jba.io/go/wiki/main.go:310.2,310.19 1 0
jba.io/go/wiki/main.go:302.16,304.3 1 0
jba.io/go/wiki/main.go:307.19,309.6 1 0
jba.io/go/wiki/main.go:315.50,318.16 2 0
jba.io/go/wiki/main.go:321.5,323.19 3 0
jba.io/go/wiki/main.go:327.2,327.19 1 0
jba.io/go/wiki/main.go:318.16,320.3 1 0
jba.io/go/wiki/main.go:323.19,325.6 1 0
jba.io/go/wiki/main.go:331.34,333.28 2 0
jba.io/go/wiki/main.go:338.5,338.17 1 0
jba.io/go/wiki/main.go:333.28,334.27 1 0
jba.io/go/wiki/main.go:334.27,336.10 1 0
jba.io/go/wiki/main.go:341.37,343.28 1 0
jba.io/go/wiki/main.go:348.5,348.17 1 0
jba.io/go/wiki/main.go:343.28,344.27 1 0
jba.io/go/wiki/main.go:344.27,346.10 1 0
jba.io/go/wiki/main.go:351.44,356.2 3 1
jba.io/go/wiki/main.go:358.47,366.2 5 0
jba.io/go/wiki/main.go:368.58,371.16 3 0
jba.io/go/wiki/main.go:375.5,376.84 2 0
jba.io/go/wiki/main.go:384.2,387.35 4 0
jba.io/go/wiki/main.go:469.2,471.16 3 0
jba.io/go/wiki/main.go:371.16,373.3 1 0
jba.io/go/wiki/main.go:376.84,378.30 1 0
jba.io/go/wiki/main.go:381.9,382.19 2 0
jba.io/go/wiki/main.go:378.30,380.10 1 0
jba.io/go/wiki/main.go:387.35,391.19 2 0
jba.io/go/wiki/main.go:395.5,395.20 1 0
jba.io/go/wiki/main.go:391.19,392.18 1 0
jba.io/go/wiki/main.go:395.20,399.6 1 0
jba.io/go/wiki/main.go:399.6,413.18 9 0
jba.io/go/wiki/main.go:417.4,418.18 2 0
jba.io/go/wiki/main.go:423.4,423.17 1 0
jba.io/go/wiki/main.go:444.4,445.18 2 0
jba.io/go/wiki/main.go:448.4,449.18 2 0
jba.io/go/wiki/main.go:453.4,463.25 2 0
jba.io/go/wiki/main.go:413.18,415.5 1 0
jba.io/go/wiki/main.go:418.18,422.5 1 0
jba.io/go/wiki/main.go:423.17,427.27 1 0
jba.io/go/wiki/main.go:433.5,433.23 1 0
jba.io/go/wiki/main.go:427.27,430.6 1 0
jba.io/go/wiki/main.go:430.6,432.6 1 0
jba.io/go/wiki/main.go:433.23,435.6 1 0
jba.io/go/wiki/main.go:436.5,443.5 2 0
jba.io/go/wiki/main.go:445.18,447.5 1 0
jba.io/go/wiki/main.go:449.18,451.5 1 0
jba.io/go/wiki/main.go:471.16,473.3 1 0
jba.io/go/wiki/main.go:476.82,481.26 3 0
jba.io/go/wiki/main.go:488.2,492.33 3 0
jba.io/go/wiki/main.go:496.2,496.38 1 0
jba.io/go/wiki/main.go:501.2,504.6 3 0
jba.io/go/wiki/main.go:519.2,520.16 2 0
jba.io/go/wiki/main.go:523.2,525.8 3 0
jba.io/go/wiki/main.go:481.26,483.17 2 0
jba.io/go/wiki/main.go:483.17,486.4 1 0
jba.io/go/wiki/main.go:492.33,494.3 1 0
jba.io/go/wiki/main.go:496.38,499.3 1 0
jba.io/go/wiki/main.go:504.6,506.17 2 0
jba.io/go/wiki/main.go:513.3,513.39 1 0
jba.io/go/wiki/main.go:506.17,507.21 1 0
jba.io/go/wiki/main.go:510.4,510.19 1 0
jba.io/go/wiki/main.go:507.21,509.5 1 0
jba.io/go/wiki/main.go:513.39,515.9 2 0
jba.io/go/wiki/main.go:520.16,522.3 1 0
jba.io/go/wiki/main.go:531.49,539.21 2 0
jba.io/go/wiki/main.go:542.2,542.15 1 0
jba.io/go/wiki/main.go:539.21,541.3 1 0
jba.io/go/wiki/main.go:545.81,547.9 2 0
jba.io/go/wiki/main.go:552.2,554.16 3 0
jba.io/go/wiki/main.go:561.2,564.12 4 0
jba.io/go/wiki/main.go:547.9,549.3 1 0
jba.io/go/wiki/main.go:554.16,558.3 3 0
jba.io/go/wiki/main.go:567.35,569.16 2 0
jba.io/go/wiki/main.go:572.2,572.18 1 0
jba.io/go/wiki/main.go:569.16,571.3 1 0
jba.io/go/wiki/main.go:588.55,596.16 8 0
jba.io/go/wiki/main.go:599.2,604.33 5 0
jba.io/go/wiki/main.go:626.2,627.26 2 0
jba.io/go/wiki/main.go:646.5,647.19 2 0
jba.io/go/wiki/main.go:652.2,653.16 2 0
jba.io/go/wiki/main.go:657.2,657.20 1 0
jba.io/go/wiki/main.go:661.2,662.24 2 0
jba.io/go/wiki/main.go:668.2,668.20 1 0
jba.io/go/wiki/main.go:675.2,676.16 2 0
jba.io/go/wiki/main.go:679.2,680.16 2 0
jba.io/go/wiki/main.go:683.2,696.19 2 0
jba.io/go/wiki/main.go:596.16,598.3 1 0
jba.io/go/wiki/main.go:604.33,625.3 7 0
jba.io/go/wiki/main.go:627.26,645.3 4 0
jba.io/go/wiki/main.go:647.19,650.6 1 0
jba.io/go/wiki/main.go:653.16,656.3 2 0
jba.io/go/wiki/main.go:657.20,659.3 1 0
jba.io/go/wiki/main.go:662.24,665.3 2 0
jba.io/go/wiki/main.go:665.3,667.3 1 0
jba.io/go/wiki/main.go:668.20,670.3 1 0
jba.io/go/wiki/main.go:670.3,670.22 1 0
jba.io/go/wiki/main.go:670.22,672.3 1 0
jba.io/go/wiki/main.go:672.3,674.3 1 0
jba.io/go/wiki/main.go:676.16,678.3 1 0
jba.io/go/wiki/main.go:680.16,682.3 1 0
jba.io/go/wiki/main.go:705.48,708.2 2 0
jba.io/go/wiki/main.go:710.37,712.2 1 0
jba.io/go/wiki/main.go:714.35,716.2 1 0
jba.io/go/wiki/main.go:718.53,719.19 1 0
jba.io/go/wiki/main.go:722.2,724.21 3 0
jba.io/go/wiki/main.go:719.19,721.3 1 0
jba.io/go/wiki/main.go:728.45,729.71 1 0
jba.io/go/wiki/main.go:729.71,744.17 11 0
jba.io/go/wiki/main.go:747.3,764.26 13 0
jba.io/go/wiki/main.go:744.17,746.4 1 0
jba.io/go/wiki/main.go:769.32,773.23 4 0
jba.io/go/wiki/main.go:776.2,777.15 2 0
jba.io/go/wiki/main.go:773.23,775.3 1 0
jba.io/go/wiki/main.go:780.72,782.16 2 0
jba.io/go/wiki/main.go:785.2,786.22 2 0
jba.io/go/wiki/main.go:782.16,784.3 1 0
jba.io/go/wiki/main.go:789.69,795.16 3 0
jba.io/go/wiki/main.go:798.2,802.12 5 0
jba.io/go/wiki/main.go:795.16,797.3 1 0
jba.io/go/wiki/main.go:805.59,807.16 2 0
jba.io/go/wiki/main.go:811.2,812.16 2 0
jba.io/go/wiki/main.go:815.2,816.16 2 0
jba.io/go/wiki/main.go:819.2,831.16 3 0
jba.io/go/wiki/main.go:807.16,809.3 1 0
jba.io/go/wiki/main.go:812.16,814.3 1 0
jba.io/go/wiki/main.go:816.16,818.3 1 0
jba.io/go/wiki/main.go:831.16,833.3 1 0
jba.io/go/wiki/main.go:884.58,889.16 3 0
jba.io/go/wiki/main.go:905.2,906.16 2 0
jba.io/go/wiki/main.go:909.2,909.42 1 0
jba.io/go/wiki/main.go:889.16,890.41 1 0
jba.io/go/wiki/main.go:902.3,903.9 2 0
jba.io/go/wiki/main.go:890.41,894.4 3 0
jba.io/go/wiki/main.go:894.4,894.43 1 0
jba.io/go/wiki/main.go:894.43,898.4 3 0
jba.io/go/wiki/main.go:898.4,900.4 1 0
jba.io/go/wiki/main.go:906.16,908.3 1 0
jba.io/go/wiki/main.go:912.58,917.16 3 0
jba.io/go/wiki/main.go:917.16,918.36 1 0
jba.io/go/wiki/main.go:918.36,921.19 2 0
jba.io/go/wiki/main.go:921.19,923.5 1 0
jba.io/go/wiki/main.go:924.4,926.4 1 0
jba.io/go/wiki/main.go:927.3,929.18 2 0
jba.io/go/wiki/main.go:929.18,931.4 1 0
jba.io/go/wiki/main.go:935.58,951.31 8 0
jba.io/go/wiki/main.go:971.2,977.16 3 0
jba.io/go/wiki/main.go:983.2,984.36 2 0
jba.io/go/wiki/main.go:951.31,954.18 3 0
jba.io/go/wiki/main.go:957.3,959.17 3 0
jba.io/go/wiki/main.go:963.3,965.25 3 0
jba.io/go/wiki/main.go:954.18,956.4 1 0
jba.io/go/wiki/main.go:959.17,962.4 2 0
jba.io/go/wiki/main.go:977.16,981.3 3 0
jba.io/go/wiki/main.go:988.57,995.2 3 0
jba.io/go/wiki/main.go:997.38,999.19 2 0
jba.io/go/wiki/main.go:1002.5,1005.15 2 0
jba.io/go/wiki/main.go:999.19,1001.6 1 0
jba.io/go/wiki/main.go:1008.35,1022.15 4 0
jba.io/go/wiki/main.go:1034.2,1103.16 6 0
jba.io/go/wiki/main.go:1108.5,1109.16 2 0
jba.io/go/wiki/main.go:1113.2,1114.15 2 0
jba.io/go/wiki/main.go:1022.15,1025.53 2 0
jba.io/go/wiki/main.go:1025.53,1027.18 2 0
jba.io/go/wiki/main.go:1027.18,1029.5 1 0
jba.io/go/wiki/main.go:1103.16,1105.3 1 0
jba.io/go/wiki/main.go:1109.16,1111.3 1 0
jba.io/go/wiki/main.go:1186.63,1191.16 5 0
jba.io/go/wiki/main.go:1195.2,1201.16 3 0
jba.io/go/wiki/main.go:1191.16,1193.3 1 0
jba.io/go/wiki/main.go:1201.16,1204.3 2 0
jba.io/go/wiki/main.go:1207.56,1209.2 1 0
jba.io/go/wiki/main.go:1211.13,1229.16 5 0
jba.io/go/wiki/main.go:1236.2,1237.16 2 0
jba.io/go/wiki/main.go:1241.2,1242.16 2 0
jba.io/go/wiki/main.go:1252.2,1253.16 2 0
jba.io/go/wiki/main.go:1257.2,1269.80 8 0
jba.io/go/wiki/main.go:1272.2,1273.70 2 0
jba.io/go/wiki/main.go:1274.2,1278.69 5 0
jba.io/go/wiki/main.go:1279.2,1287.35 7 0
jba.io/go/wiki/main.go:1229.16,1231.3 1 0
jba.io/go/wiki/main.go:1237.16,1240.3 2 0
jba.io/go/wiki/main.go:1242.16,1244.12 2 0
jba.io/go/wiki/main.go:1244.12,1247.4 2 0
jba.io/go/wiki/main.go:1247.4,1249.10 1 0
jba.io/go/wiki/main.go:1253.16,1255.3 1 0
jba.io/go/wiki/main.go:1269.80,1269.99 1 0
jba.io/go/wiki/main.go:1273.70,1273.115 1 0
jba.io/go/wiki/main.go:1278.69,1278.106 1 0
